<?xml version="1.0" encoding="UTF-8"?>
<coverage generated="1625144557052" clover="3.2.0">
  <project timestamp="1625144557053" name="All files">
    <metrics statements="14" coveredstatements="13" conditionals="8" coveredconditionals="8" methods="7" coveredmethods="7" elements="29" coveredelements="28" complexity="0" loc="14" ncloc="14" packages="1" files="2" classes="2"/>
    <file name="Model.js" path="C:\Users\Marcos Molina\Documents\GitHub\mvp-files\src\Model.js">
      <metrics statements="9" coveredstatements="8" conditionals="3" coveredconditionals="3" methods="4" coveredmethods="4"/>
      <line num="5" count="6" type="stmt"/>
      <line num="9" count="8" type="stmt"/>
      <line num="10" count="8" type="stmt"/>
      <line num="17" count="3" type="stmt"/>
      <line num="22" count="2" type="stmt"/>
      <line num="23" count="2" type="stmt"/>
      <line num="24" count="2" type="stmt"/>
      <line num="25" count="2" type="stmt"/>
      <line num="28" count="0" type="stmt"/>
    </file>
    <file name="utils.js" path="C:\Users\Marcos Molina\Documents\GitHub\mvp-files\src\utils.js">
      <metrics statements="5" coveredstatements="5" conditionals="5" coveredconditionals="5" methods="3" coveredmethods="3"/>
      <line num="7" count="6" type="stmt"/>
      <line num="8" count="6" type="stmt"/>
      <line num="9" count="6" type="cond" truecount="2" falsecount="0"/>
      <line num="10" count="5" type="stmt"/>
      <line num="12" count="1" type="stmt"/>
    </file>
  </project>
</coverage>
