{"C:\\Users\\Marcos Molina\\Documents\\GitHub\\mvp-files\\src\\Model.js": {"path":"C:\\Users\\Marcos Molina\\Documents\\GitHub\\mvp-files\\src\\Model.js","statementMap":{"0":{"start":{"line":4,"column":2},"end":{"line":4,"column":21}},"1":{"start":{"line":6,"column":0},"end":{"line":9,"column":3}},"2":{"start":{"line":7,"column":17},"end":{"line":7,"column":61}},"3":{"start":{"line":8,"column":4},"end":{"line":8,"column":16}},"4":{"start":{"line":10,"column":0},"end":{"line":17,"column":3}},"5":{"start":{"line":11,"column":4},"end":{"line":16,"column":5}},"6":{"start":{"line":12,"column":22},"end":{"line":12,"column":53}},"7":{"start":{"line":13,"column":6},"end":{"line":13,"column":29}},"8":{"start":{"line":15,"column":6},"end":{"line":15,"column":30}},"9":{"start":{"line":20,"column":16},"end":{"line":20,"column":32}},"10":{"start":{"line":21,"column":2},"end":{"line":21,"column":27}},"11":{"start":{"line":22,"column":2},"end":{"line":22,"column":15}}},"fnMap":{"0":{"name":"Model","decl":{"start":{"line":3,"column":16},"end":{"line":3,"column":21}},"loc":{"start":{"line":3,"column":43},"end":{"line":5,"column":1}},"line":3},"1":{"name":"(anonymous_1)","decl":{"start":{"line":6,"column":31},"end":{"line":6,"column":32}},"loc":{"start":{"line":6,"column":43},"end":{"line":9,"column":3}},"line":6},"2":{"name":"(anonymous_2)","decl":{"start":{"line":10,"column":29},"end":{"line":10,"column":30}},"loc":{"start":{"line":10,"column":47},"end":{"line":17,"column":3}},"line":10},"3":{"name":"createAsyncModel","decl":{"start":{"line":19,"column":22},"end":{"line":19,"column":38}},"loc":{"start":{"line":19,"column":46},"end":{"line":23,"column":1}},"line":19}},"branchMap":{"0":{"loc":{"start":{"line":3,"column":23},"end":{"line":3,"column":41}},"type":"default-arg","locations":[{"start":{"line":3,"column":31},"end":{"line":3,"column":41}}],"line":3}},"s":{"0":8,"1":1,"2":3,"3":3,"4":1,"5":5,"6":5,"7":3,"8":2,"9":2,"10":2,"11":2},"f":{"0":8,"1":3,"2":5,"3":2},"b":{"0":[1]},"_coverageSchema":"1a1c01bbd47fc00a2c39e90264f33305004495a9","hash":"7a91197fe5531cc171d57263df687a1c5147f43f"}
,"C:\\Users\\Marcos Molina\\Documents\\GitHub\\mvp-files\\src\\View.js": {"path":"C:\\Users\\Marcos Molina\\Documents\\GitHub\\mvp-files\\src\\View.js","statementMap":{"0":{"start":{"line":1,"column":22},"end":{"line":1,"column":41}},"1":{"start":{"line":2,"column":30},"end":{"line":2,"column":47}},"2":{"start":{"line":4,"column":37},"end":{"line":33,"column":2}},"3":{"start":{"line":8,"column":6},"end":{"line":8,"column":27}},"4":{"start":{"line":9,"column":6},"end":{"line":9,"column":29}},"5":{"start":{"line":15,"column":6},"end":{"line":15,"column":27}},"6":{"start":{"line":16,"column":6},"end":{"line":16,"column":28}},"7":{"start":{"line":22,"column":6},"end":{"line":22,"column":30}},"8":{"start":{"line":23,"column":6},"end":{"line":23,"column":29}},"9":{"start":{"line":29,"column":6},"end":{"line":29,"column":30}},"10":{"start":{"line":30,"column":6},"end":{"line":30,"column":28}},"11":{"start":{"line":36,"column":29},"end":{"line":36,"column":33}},"12":{"start":{"line":37,"column":28},"end":{"line":37,"column":35}},"13":{"start":{"line":38,"column":26},"end":{"line":38,"column":28}},"14":{"start":{"line":40,"column":2},"end":{"line":40,"column":47}},"15":{"start":{"line":41,"column":2},"end":{"line":41,"column":52}},"16":{"start":{"line":42,"column":2},"end":{"line":42,"column":78}},"17":{"start":{"line":43,"column":2},"end":{"line":43,"column":47}},"18":{"start":{"line":45,"column":2},"end":{"line":45,"column":41}},"19":{"start":{"line":47,"column":18},"end":{"line":47,"column":46}},"20":{"start":{"line":48,"column":2},"end":{"line":48,"column":45}},"21":{"start":{"line":49,"column":2},"end":{"line":49,"column":41}},"22":{"start":{"line":52,"column":0},"end":{"line":66,"column":2}},"23":{"start":{"line":53,"column":26},"end":{"line":53,"column":38}},"24":{"start":{"line":54,"column":30},"end":{"line":54,"column":41}},"25":{"start":{"line":56,"column":18},"end":{"line":59,"column":4}},"26":{"start":{"line":61,"column":2},"end":{"line":61,"column":66}},"27":{"start":{"line":63,"column":2},"end":{"line":63,"column":26}},"28":{"start":{"line":65,"column":2},"end":{"line":65,"column":17}},"29":{"start":{"line":67,"column":0},"end":{"line":71,"column":2}},"30":{"start":{"line":68,"column":18},"end":{"line":68,"column":44}},"31":{"start":{"line":69,"column":2},"end":{"line":69,"column":26}},"32":{"start":{"line":70,"column":2},"end":{"line":70,"column":17}},"33":{"start":{"line":72,"column":0},"end":{"line":75,"column":2}},"34":{"start":{"line":73,"column":18},"end":{"line":73,"column":50}},"35":{"start":{"line":74,"column":2},"end":{"line":74,"column":17}},"36":{"start":{"line":76,"column":0},"end":{"line":83,"column":2}},"37":{"start":{"line":77,"column":18},"end":{"line":79,"column":4}},"38":{"start":{"line":80,"column":2},"end":{"line":80,"column":35}},"39":{"start":{"line":81,"column":2},"end":{"line":81,"column":30}},"40":{"start":{"line":82,"column":2},"end":{"line":82,"column":17}},"41":{"start":{"line":84,"column":0},"end":{"line":92,"column":2}},"42":{"start":{"line":85,"column":18},"end":{"line":90,"column":4}},"43":{"start":{"line":91,"column":2},"end":{"line":91,"column":17}},"44":{"start":{"line":93,"column":0},"end":{"line":101,"column":2}},"45":{"start":{"line":94,"column":18},"end":{"line":96,"column":4}},"46":{"start":{"line":98,"column":2},"end":{"line":98,"column":39}},"47":{"start":{"line":100,"column":2},"end":{"line":100,"column":17}},"48":{"start":{"line":102,"column":0},"end":{"line":104,"column":2}},"49":{"start":{"line":103,"column":2},"end":{"line":103,"column":48}},"50":{"start":{"line":105,"column":0},"end":{"line":109,"column":2}},"51":{"start":{"line":106,"column":2},"end":{"line":108,"column":5}},"52":{"start":{"line":107,"column":4},"end":{"line":107,"column":23}}},"fnMap":{"0":{"name":"(anonymous_0)","decl":{"start":{"line":7,"column":4},"end":{"line":7,"column":5}},"loc":{"start":{"line":7,"column":22},"end":{"line":10,"column":5}},"line":7},"1":{"name":"(anonymous_1)","decl":{"start":{"line":14,"column":4},"end":{"line":14,"column":5}},"loc":{"start":{"line":14,"column":22},"end":{"line":17,"column":5}},"line":14},"2":{"name":"(anonymous_2)","decl":{"start":{"line":21,"column":4},"end":{"line":21,"column":5}},"loc":{"start":{"line":21,"column":22},"end":{"line":24,"column":5}},"line":21},"3":{"name":"(anonymous_3)","decl":{"start":{"line":28,"column":4},"end":{"line":28,"column":5}},"loc":{"start":{"line":28,"column":22},"end":{"line":31,"column":5}},"line":28},"4":{"name":"View","decl":{"start":{"line":35,"column":16},"end":{"line":35,"column":20}},"loc":{"start":{"line":35,"column":27},"end":{"line":50,"column":1}},"line":35},"5":{"name":"createCloseButton","decl":{"start":{"line":52,"column":44},"end":{"line":52,"column":61}},"loc":{"start":{"line":52,"column":75},"end":{"line":66,"column":1}},"line":52},"6":{"name":"createStyle","decl":{"start":{"line":67,"column":38},"end":{"line":67,"column":49}},"loc":{"start":{"line":67,"column":55},"end":{"line":71,"column":1}},"line":67},"7":{"name":"getElementBySelector","decl":{"start":{"line":72,"column":47},"end":{"line":72,"column":67}},"loc":{"start":{"line":72,"column":78},"end":{"line":75,"column":1}},"line":72},"8":{"name":"(anonymous_8)","decl":{"start":{"line":76,"column":39},"end":{"line":76,"column":40}},"loc":{"start":{"line":76,"column":70},"end":{"line":83,"column":1}},"line":76},"9":{"name":"(anonymous_9)","decl":{"start":{"line":84,"column":30},"end":{"line":84,"column":31}},"loc":{"start":{"line":84,"column":58},"end":{"line":92,"column":1}},"line":84},"10":{"name":"(anonymous_10)","decl":{"start":{"line":93,"column":28},"end":{"line":93,"column":29}},"loc":{"start":{"line":93,"column":55},"end":{"line":101,"column":1}},"line":93},"11":{"name":"(anonymous_11)","decl":{"start":{"line":102,"column":36},"end":{"line":102,"column":37}},"loc":{"start":{"line":102,"column":61},"end":{"line":104,"column":1}},"line":102},"12":{"name":"(anonymous_12)","decl":{"start":{"line":105,"column":33},"end":{"line":105,"column":34}},"loc":{"start":{"line":105,"column":45},"end":{"line":109,"column":1}},"line":105},"13":{"name":"(anonymous_13)","decl":{"start":{"line":106,"column":45},"end":{"line":106,"column":46}},"loc":{"start":{"line":106,"column":52},"end":{"line":108,"column":3}},"line":106}},"branchMap":{"0":{"loc":{"start":{"line":61,"column":28},"end":{"line":61,"column":55}},"type":"binary-expr","locations":[{"start":{"line":61,"column":28},"end":{"line":61,"column":36}},{"start":{"line":61,"column":40},"end":{"line":61,"column":55}}],"line":61}},"s":{"0":1,"1":1,"2":1,"3":0,"4":0,"5":1,"6":1,"7":0,"8":0,"9":0,"10":0,"11":0,"12":0,"13":0,"14":0,"15":0,"16":0,"17":0,"18":0,"19":0,"20":0,"21":0,"22":1,"23":1,"24":1,"25":1,"26":1,"27":1,"28":1,"29":1,"30":1,"31":1,"32":1,"33":1,"34":2,"35":2,"36":1,"37":0,"38":0,"39":0,"40":0,"41":1,"42":0,"43":0,"44":1,"45":0,"46":0,"47":0,"48":1,"49":0,"50":1,"51":0,"52":0},"f":{"0":0,"1":1,"2":0,"3":0,"4":0,"5":1,"6":1,"7":2,"8":0,"9":0,"10":0,"11":0,"12":0,"13":0},"b":{"0":[1,0]},"_coverageSchema":"1a1c01bbd47fc00a2c39e90264f33305004495a9","hash":"85615635879c25f9fe0f4a600eeb138e9764ee6b"}
,"C:\\Users\\Marcos Molina\\Documents\\GitHub\\mvp-files\\src\\styles.js": {"path":"C:\\Users\\Marcos Molina\\Documents\\GitHub\\mvp-files\\src\\styles.js","statementMap":{"0":{"start":{"line":1,"column":18},"end":{"line":58,"column":8}},"1":{"start":{"line":60,"column":0},"end":{"line":60,"column":31}}},"fnMap":{},"branchMap":{},"s":{"0":1,"1":1},"f":{},"b":{},"_coverageSchema":"1a1c01bbd47fc00a2c39e90264f33305004495a9","hash":"d46ed8f78a05ef7f9e0ed10ba591433d187ea205"}
,"C:\\Users\\Marcos Molina\\Documents\\GitHub\\mvp-files\\src\\utils.js": {"path":"C:\\Users\\Marcos Molina\\Documents\\GitHub\\mvp-files\\src\\utils.js","statementMap":{"0":{"start":{"line":16,"column":2},"end":{"line":24,"column":5}},"1":{"start":{"line":17,"column":4},"end":{"line":23,"column":16}},"2":{"start":{"line":18,"column":6},"end":{"line":22,"column":7}},"3":{"start":{"line":19,"column":8},"end":{"line":19,"column":22}},"4":{"start":{"line":21,"column":8},"end":{"line":21,"column":37}}},"fnMap":{"0":{"name":"getConfigsMock","decl":{"start":{"line":2,"column":16},"end":{"line":2,"column":30}},"loc":{"start":{"line":15,"column":2},"end":{"line":25,"column":1}},"line":15},"1":{"name":"(anonymous_1)","decl":{"start":{"line":16,"column":21},"end":{"line":16,"column":22}},"loc":{"start":{"line":16,"column":42},"end":{"line":24,"column":3}},"line":16},"2":{"name":"(anonymous_2)","decl":{"start":{"line":17,"column":15},"end":{"line":17,"column":16}},"loc":{"start":{"line":17,"column":21},"end":{"line":23,"column":5}},"line":17}},"branchMap":{"0":{"loc":{"start":{"line":3,"column":2},"end":{"line":3,"column":16}},"type":"default-arg","locations":[{"start":{"line":3,"column":12},"end":{"line":3,"column":16}}],"line":3},"1":{"loc":{"start":{"line":4,"column":2},"end":{"line":4,"column":15}},"type":"default-arg","locations":[{"start":{"line":4,"column":12},"end":{"line":4,"column":15}}],"line":4},"2":{"loc":{"start":{"line":5,"column":2},"end":{"line":14,"column":3}},"type":"default-arg","locations":[{"start":{"line":5,"column":9},"end":{"line":14,"column":3}}],"line":5},"3":{"loc":{"start":{"line":18,"column":6},"end":{"line":22,"column":7}},"type":"if","locations":[{"start":{"line":18,"column":6},"end":{"line":22,"column":7}},{"start":{"line":18,"column":6},"end":{"line":22,"column":7}}],"line":18}},"s":{"0":0,"1":0,"2":0,"3":0,"4":0},"f":{"0":0,"1":0,"2":0},"b":{"0":[0],"1":[0],"2":[0],"3":[0,0]},"_coverageSchema":"1a1c01bbd47fc00a2c39e90264f33305004495a9","hash":"be869f0667a618d34a6a4025154e99225e4fbf1f"}
,"C:\\Users\\Marcos Molina\\Documents\\GitHub\\mvp-files\\src\\libs\\HTMLElement.js": {"path":"C:\\Users\\Marcos Molina\\Documents\\GitHub\\mvp-files\\src\\libs\\HTMLElement.js","statementMap":{"0":{"start":{"line":2,"column":2},"end":{"line":2,"column":45}},"1":{"start":{"line":5,"column":0},"end":{"line":11,"column":2}},"2":{"start":{"line":6,"column":23},"end":{"line":6,"column":45}},"3":{"start":{"line":7,"column":2},"end":{"line":9,"column":5}},"4":{"start":{"line":8,"column":4},"end":{"line":8,"column":70}},"5":{"start":{"line":10,"column":2},"end":{"line":10,"column":14}},"6":{"start":{"line":12,"column":0},"end":{"line":18,"column":2}},"7":{"start":{"line":13,"column":21},"end":{"line":13,"column":53}},"8":{"start":{"line":14,"column":2},"end":{"line":16,"column":3}},"9":{"start":{"line":14,"column":15},"end":{"line":14,"column":16}},"10":{"start":{"line":15,"column":4},"end":{"line":15,"column":66}},"11":{"start":{"line":17,"column":2},"end":{"line":17,"column":14}},"12":{"start":{"line":19,"column":0},"end":{"line":21,"column":2}},"13":{"start":{"line":20,"column":2},"end":{"line":20,"column":22}},"14":{"start":{"line":27,"column":33},"end":{"line":27,"column":40}},"15":{"start":{"line":28,"column":18},"end":{"line":31,"column":17}},"16":{"start":{"line":32,"column":2},"end":{"line":32,"column":17}}},"fnMap":{"0":{"name":"HTMLElement","decl":{"start":{"line":1,"column":16},"end":{"line":1,"column":27}},"loc":{"start":{"line":1,"column":33},"end":{"line":3,"column":1}},"line":1},"1":{"name":"(anonymous_1)","decl":{"start":{"line":5,"column":35},"end":{"line":5,"column":36}},"loc":{"start":{"line":5,"column":58},"end":{"line":11,"column":1}},"line":5},"2":{"name":"(anonymous_2)","decl":{"start":{"line":7,"column":23},"end":{"line":7,"column":24}},"loc":{"start":{"line":7,"column":35},"end":{"line":9,"column":3}},"line":7},"3":{"name":"(anonymous_3)","decl":{"start":{"line":12,"column":39},"end":{"line":12,"column":40}},"loc":{"start":{"line":12,"column":66},"end":{"line":18,"column":1}},"line":12},"4":{"name":"(anonymous_4)","decl":{"start":{"line":19,"column":35},"end":{"line":19,"column":36}},"loc":{"start":{"line":19,"column":47},"end":{"line":21,"column":1}},"line":19},"5":{"name":"createHTMLElement","decl":{"start":{"line":23,"column":16},"end":{"line":23,"column":33}},"loc":{"start":{"line":26,"column":2},"end":{"line":33,"column":1}},"line":26}},"branchMap":{"0":{"loc":{"start":{"line":5,"column":45},"end":{"line":5,"column":56}},"type":"default-arg","locations":[{"start":{"line":5,"column":54},"end":{"line":5,"column":56}}],"line":5},"1":{"loc":{"start":{"line":12,"column":49},"end":{"line":12,"column":64}},"type":"default-arg","locations":[{"start":{"line":12,"column":62},"end":{"line":12,"column":64}}],"line":12},"2":{"loc":{"start":{"line":13,"column":21},"end":{"line":13,"column":53}},"type":"binary-expr","locations":[{"start":{"line":13,"column":21},"end":{"line":13,"column":47}},{"start":{"line":13,"column":51},"end":{"line":13,"column":53}}],"line":13},"3":{"loc":{"start":{"line":25,"column":2},"end":{"line":25,"column":42}},"type":"default-arg","locations":[{"start":{"line":25,"column":12},"end":{"line":25,"column":42}}],"line":25}},"s":{"0":10,"1":2,"2":10,"3":10,"4":5,"5":10,"6":2,"7":10,"8":10,"9":10,"10":5,"11":10,"12":2,"13":10,"14":10,"15":10,"16":10},"f":{"0":10,"1":10,"2":5,"3":10,"4":10,"5":10},"b":{"0":[2],"1":[2],"2":[10,0],"3":[3]},"_coverageSchema":"1a1c01bbd47fc00a2c39e90264f33305004495a9","hash":"2273e8895173accf413d538f869dbf357dd80baa"}
,"C:\\Users\\Marcos Molina\\Documents\\GitHub\\mvp-files\\src\\libs\\index.js": {"path":"C:\\Users\\Marcos Molina\\Documents\\GitHub\\mvp-files\\src\\libs\\index.js","statementMap":{},"fnMap":{},"branchMap":{},"s":{},"f":{},"b":{},"_coverageSchema":"1a1c01bbd47fc00a2c39e90264f33305004495a9","hash":"dd77f7358a091517730b9f469b88ac7d70cf87e6"}
}
