{"C:\\Users\\Marcos Molina\\Documents\\GitHub\\mvp-files\\src\\Model.js": {"path":"C:\\Users\\Marcos Molina\\Documents\\GitHub\\mvp-files\\src\\Model.js","statementMap":{"0":{"start":{"line":24,"column":4},"end":{"line":24,"column":23}},"1":{"start":{"line":31,"column":17},"end":{"line":31,"column":61}},"2":{"start":{"line":32,"column":4},"end":{"line":32,"column":16}},"3":{"start":{"line":39,"column":4},"end":{"line":44,"column":5}},"4":{"start":{"line":40,"column":22},"end":{"line":40,"column":53}},"5":{"start":{"line":41,"column":6},"end":{"line":41,"column":29}},"6":{"start":{"line":43,"column":6},"end":{"line":43,"column":30}},"7":{"start":{"line":53,"column":16},"end":{"line":53,"column":32}},"8":{"start":{"line":54,"column":2},"end":{"line":54,"column":27}},"9":{"start":{"line":55,"column":2},"end":{"line":55,"column":15}}},"fnMap":{"0":{"name":"(anonymous_0)","decl":{"start":{"line":23,"column":2},"end":{"line":23,"column":3}},"loc":{"start":{"line":23,"column":34},"end":{"line":25,"column":3}},"line":23},"1":{"name":"(anonymous_1)","decl":{"start":{"line":30,"column":2},"end":{"line":30,"column":3}},"loc":{"start":{"line":30,"column":17},"end":{"line":33,"column":3}},"line":30},"2":{"name":"(anonymous_2)","decl":{"start":{"line":38,"column":2},"end":{"line":38,"column":3}},"loc":{"start":{"line":38,"column":21},"end":{"line":45,"column":3}},"line":38},"3":{"name":"createAsyncModel","decl":{"start":{"line":52,"column":22},"end":{"line":52,"column":38}},"loc":{"start":{"line":52,"column":46},"end":{"line":56,"column":1}},"line":52}},"branchMap":{"0":{"loc":{"start":{"line":23,"column":14},"end":{"line":23,"column":32}},"type":"default-arg","locations":[{"start":{"line":23,"column":22},"end":{"line":23,"column":32}}],"line":23}},"s":{"0":8,"1":3,"2":3,"3":5,"4":5,"5":3,"6":2,"7":2,"8":2,"9":2},"f":{"0":8,"1":3,"2":5,"3":2},"b":{"0":[1]},"_coverageSchema":"1a1c01bbd47fc00a2c39e90264f33305004495a9","hash":"27d5b464759ad1be658b495f80e2ae2f1b37bf90"}
,"C:\\Users\\Marcos Molina\\Documents\\GitHub\\mvp-files\\src\\View.js": {"path":"C:\\Users\\Marcos Molina\\Documents\\GitHub\\mvp-files\\src\\View.js","statementMap":{"0":{"start":{"line":1,"column":16},"end":{"line":1,"column":35}},"1":{"start":{"line":3,"column":37},"end":{"line":32,"column":2}},"2":{"start":{"line":7,"column":6},"end":{"line":7,"column":27}},"3":{"start":{"line":8,"column":6},"end":{"line":8,"column":29}},"4":{"start":{"line":14,"column":6},"end":{"line":14,"column":27}},"5":{"start":{"line":15,"column":6},"end":{"line":15,"column":28}},"6":{"start":{"line":21,"column":6},"end":{"line":21,"column":30}},"7":{"start":{"line":22,"column":6},"end":{"line":22,"column":29}},"8":{"start":{"line":28,"column":6},"end":{"line":28,"column":30}},"9":{"start":{"line":29,"column":6},"end":{"line":29,"column":28}},"10":{"start":{"line":50,"column":31},"end":{"line":50,"column":35}},"11":{"start":{"line":51,"column":30},"end":{"line":51,"column":37}},"12":{"start":{"line":52,"column":28},"end":{"line":52,"column":30}},"13":{"start":{"line":53,"column":4},"end":{"line":53,"column":40}},"14":{"start":{"line":54,"column":4},"end":{"line":54,"column":40}},"15":{"start":{"line":55,"column":4},"end":{"line":55,"column":33}},"16":{"start":{"line":56,"column":4},"end":{"line":56,"column":26}},"17":{"start":{"line":57,"column":4},"end":{"line":57,"column":22}},"18":{"start":{"line":59,"column":20},"end":{"line":59,"column":53}},"19":{"start":{"line":60,"column":4},"end":{"line":60,"column":50}},"20":{"start":{"line":61,"column":4},"end":{"line":61,"column":48}},"21":{"start":{"line":65,"column":4},"end":{"line":67,"column":7}},"22":{"start":{"line":66,"column":6},"end":{"line":66,"column":25}},"23":{"start":{"line":71,"column":35},"end":{"line":71,"column":42}},"24":{"start":{"line":72,"column":20},"end":{"line":75,"column":19}},"25":{"start":{"line":76,"column":4},"end":{"line":76,"column":19}},"26":{"start":{"line":80,"column":20},"end":{"line":80,"column":52}},"27":{"start":{"line":81,"column":4},"end":{"line":81,"column":19}},"28":{"start":{"line":85,"column":4},"end":{"line":85,"column":50}},"29":{"start":{"line":89,"column":4},"end":{"line":91,"column":7}},"30":{"start":{"line":92,"column":4},"end":{"line":92,"column":48}},"31":{"start":{"line":95,"column":4},"end":{"line":97,"column":7}},"32":{"start":{"line":98,"column":4},"end":{"line":98,"column":55}},"33":{"start":{"line":99,"column":4},"end":{"line":99,"column":50}},"34":{"start":{"line":102,"column":4},"end":{"line":107,"column":7}},"35":{"start":{"line":110,"column":28},"end":{"line":110,"column":40}},"36":{"start":{"line":111,"column":32},"end":{"line":111,"column":43}},"37":{"start":{"line":112,"column":4},"end":{"line":115,"column":7}},"38":{"start":{"line":117,"column":4},"end":{"line":117,"column":77}},"39":{"start":{"line":119,"column":4},"end":{"line":119,"column":37}},"40":{"start":{"line":122,"column":4},"end":{"line":122,"column":46}},"41":{"start":{"line":123,"column":4},"end":{"line":123,"column":32}},"42":{"start":{"line":129,"column":4},"end":{"line":129,"column":47}},"43":{"start":{"line":132,"column":25},"end":{"line":132,"column":47}},"44":{"start":{"line":133,"column":4},"end":{"line":135,"column":7}},"45":{"start":{"line":134,"column":6},"end":{"line":134,"column":72}},"46":{"start":{"line":136,"column":4},"end":{"line":136,"column":16}},"47":{"start":{"line":139,"column":23},"end":{"line":139,"column":55}},"48":{"start":{"line":140,"column":4},"end":{"line":142,"column":5}},"49":{"start":{"line":140,"column":17},"end":{"line":140,"column":18}},"50":{"start":{"line":141,"column":6},"end":{"line":141,"column":68}},"51":{"start":{"line":143,"column":4},"end":{"line":143,"column":16}},"52":{"start":{"line":146,"column":4},"end":{"line":146,"column":24}}},"fnMap":{"0":{"name":"(anonymous_0)","decl":{"start":{"line":6,"column":4},"end":{"line":6,"column":5}},"loc":{"start":{"line":6,"column":22},"end":{"line":9,"column":5}},"line":6},"1":{"name":"(anonymous_1)","decl":{"start":{"line":13,"column":4},"end":{"line":13,"column":5}},"loc":{"start":{"line":13,"column":22},"end":{"line":16,"column":5}},"line":13},"2":{"name":"(anonymous_2)","decl":{"start":{"line":20,"column":4},"end":{"line":20,"column":5}},"loc":{"start":{"line":20,"column":22},"end":{"line":23,"column":5}},"line":20},"3":{"name":"(anonymous_3)","decl":{"start":{"line":27,"column":4},"end":{"line":27,"column":5}},"loc":{"start":{"line":27,"column":22},"end":{"line":30,"column":5}},"line":27},"4":{"name":"(anonymous_4)","decl":{"start":{"line":49,"column":2},"end":{"line":49,"column":3}},"loc":{"start":{"line":49,"column":20},"end":{"line":62,"column":3}},"line":49},"5":{"name":"(anonymous_5)","decl":{"start":{"line":64,"column":2},"end":{"line":64,"column":3}},"loc":{"start":{"line":64,"column":20},"end":{"line":68,"column":3}},"line":64},"6":{"name":"(anonymous_6)","decl":{"start":{"line":65,"column":47},"end":{"line":65,"column":48}},"loc":{"start":{"line":65,"column":58},"end":{"line":67,"column":5}},"line":65},"7":{"name":"(anonymous_7)","decl":{"start":{"line":70,"column":2},"end":{"line":70,"column":3}},"loc":{"start":{"line":70,"column":35},"end":{"line":77,"column":3}},"line":70},"8":{"name":"(anonymous_8)","decl":{"start":{"line":79,"column":2},"end":{"line":79,"column":3}},"loc":{"start":{"line":79,"column":33},"end":{"line":82,"column":3}},"line":79},"9":{"name":"(anonymous_9)","decl":{"start":{"line":84,"column":2},"end":{"line":84,"column":3}},"loc":{"start":{"line":84,"column":36},"end":{"line":86,"column":3}},"line":84},"10":{"name":"(anonymous_10)","decl":{"start":{"line":88,"column":2},"end":{"line":88,"column":3}},"loc":{"start":{"line":88,"column":15},"end":{"line":93,"column":3}},"line":88},"11":{"name":"(anonymous_11)","decl":{"start":{"line":94,"column":2},"end":{"line":94,"column":3}},"loc":{"start":{"line":94,"column":26},"end":{"line":100,"column":3}},"line":94},"12":{"name":"(anonymous_12)","decl":{"start":{"line":101,"column":2},"end":{"line":101,"column":3}},"loc":{"start":{"line":101,"column":33},"end":{"line":108,"column":3}},"line":101},"13":{"name":"(anonymous_13)","decl":{"start":{"line":109,"column":2},"end":{"line":109,"column":3}},"loc":{"start":{"line":109,"column":33},"end":{"line":120,"column":3}},"line":109},"14":{"name":"(anonymous_14)","decl":{"start":{"line":121,"column":2},"end":{"line":121,"column":3}},"loc":{"start":{"line":121,"column":19},"end":{"line":124,"column":3}},"line":121},"15":{"name":"(anonymous_15)","decl":{"start":{"line":128,"column":2},"end":{"line":128,"column":3}},"loc":{"start":{"line":128,"column":19},"end":{"line":130,"column":3}},"line":128},"16":{"name":"(anonymous_16)","decl":{"start":{"line":131,"column":2},"end":{"line":131,"column":3}},"loc":{"start":{"line":131,"column":26},"end":{"line":137,"column":3}},"line":131},"17":{"name":"(anonymous_17)","decl":{"start":{"line":133,"column":25},"end":{"line":133,"column":26}},"loc":{"start":{"line":133,"column":37},"end":{"line":135,"column":5}},"line":133},"18":{"name":"(anonymous_18)","decl":{"start":{"line":138,"column":2},"end":{"line":138,"column":3}},"loc":{"start":{"line":138,"column":34},"end":{"line":144,"column":3}},"line":138},"19":{"name":"(anonymous_19)","decl":{"start":{"line":145,"column":2},"end":{"line":145,"column":3}},"loc":{"start":{"line":145,"column":15},"end":{"line":147,"column":3}},"line":145}},"branchMap":{"0":{"loc":{"start":{"line":70,"column":21},"end":{"line":70,"column":33}},"type":"default-arg","locations":[{"start":{"line":70,"column":31},"end":{"line":70,"column":33}}],"line":70},"1":{"loc":{"start":{"line":117,"column":30},"end":{"line":117,"column":57}},"type":"binary-expr","locations":[{"start":{"line":117,"column":30},"end":{"line":117,"column":38}},{"start":{"line":117,"column":42},"end":{"line":117,"column":57}}],"line":117},"2":{"loc":{"start":{"line":131,"column":13},"end":{"line":131,"column":24}},"type":"default-arg","locations":[{"start":{"line":131,"column":22},"end":{"line":131,"column":24}}],"line":131},"3":{"loc":{"start":{"line":138,"column":17},"end":{"line":138,"column":32}},"type":"default-arg","locations":[{"start":{"line":138,"column":30},"end":{"line":138,"column":32}}],"line":138},"4":{"loc":{"start":{"line":139,"column":23},"end":{"line":139,"column":55}},"type":"binary-expr","locations":[{"start":{"line":139,"column":23},"end":{"line":139,"column":49}},{"start":{"line":139,"column":53},"end":{"line":139,"column":55}}],"line":139}},"s":{"0":1,"1":1,"2":0,"3":0,"4":0,"5":0,"6":0,"7":0,"8":0,"9":0,"10":2,"11":2,"12":0,"13":0,"14":0,"15":0,"16":0,"17":0,"18":0,"19":0,"20":0,"21":0,"22":0,"23":0,"24":0,"25":0,"26":0,"27":0,"28":0,"29":0,"30":0,"31":0,"32":0,"33":0,"34":0,"35":0,"36":0,"37":0,"38":0,"39":0,"40":0,"41":0,"42":0,"43":0,"44":0,"45":0,"46":0,"47":0,"48":0,"49":0,"50":0,"51":0,"52":0},"f":{"0":0,"1":0,"2":0,"3":0,"4":2,"5":0,"6":0,"7":0,"8":0,"9":0,"10":0,"11":0,"12":0,"13":0,"14":0,"15":0,"16":0,"17":0,"18":0,"19":0},"b":{"0":[0],"1":[0,0],"2":[0],"3":[0],"4":[0,0]},"_coverageSchema":"1a1c01bbd47fc00a2c39e90264f33305004495a9","hash":"feb240e530d05a60db81898836917dcb94088704"}
,"C:\\Users\\Marcos Molina\\Documents\\GitHub\\mvp-files\\src\\styles.js": {"path":"C:\\Users\\Marcos Molina\\Documents\\GitHub\\mvp-files\\src\\styles.js","statementMap":{"0":{"start":{"line":1,"column":12},"end":{"line":58,"column":8}},"1":{"start":{"line":60,"column":0},"end":{"line":60,"column":25}}},"fnMap":{},"branchMap":{},"s":{"0":1,"1":1},"f":{},"b":{},"_coverageSchema":"1a1c01bbd47fc00a2c39e90264f33305004495a9","hash":"e89436e8ab57b1807246c1e1d4439b518b23f8dd"}
,"C:\\Users\\Marcos Molina\\Documents\\GitHub\\mvp-files\\src\\utils.js": {"path":"C:\\Users\\Marcos Molina\\Documents\\GitHub\\mvp-files\\src\\utils.js","statementMap":{"0":{"start":{"line":16,"column":2},"end":{"line":24,"column":5}},"1":{"start":{"line":17,"column":4},"end":{"line":23,"column":16}},"2":{"start":{"line":18,"column":6},"end":{"line":22,"column":7}},"3":{"start":{"line":19,"column":8},"end":{"line":19,"column":22}},"4":{"start":{"line":21,"column":8},"end":{"line":21,"column":37}}},"fnMap":{"0":{"name":"getConfigsMock","decl":{"start":{"line":2,"column":16},"end":{"line":2,"column":30}},"loc":{"start":{"line":15,"column":2},"end":{"line":25,"column":1}},"line":15},"1":{"name":"(anonymous_1)","decl":{"start":{"line":16,"column":21},"end":{"line":16,"column":22}},"loc":{"start":{"line":16,"column":42},"end":{"line":24,"column":3}},"line":16},"2":{"name":"(anonymous_2)","decl":{"start":{"line":17,"column":15},"end":{"line":17,"column":16}},"loc":{"start":{"line":17,"column":21},"end":{"line":23,"column":5}},"line":17}},"branchMap":{"0":{"loc":{"start":{"line":3,"column":2},"end":{"line":3,"column":16}},"type":"default-arg","locations":[{"start":{"line":3,"column":12},"end":{"line":3,"column":16}}],"line":3},"1":{"loc":{"start":{"line":4,"column":2},"end":{"line":4,"column":15}},"type":"default-arg","locations":[{"start":{"line":4,"column":12},"end":{"line":4,"column":15}}],"line":4},"2":{"loc":{"start":{"line":5,"column":2},"end":{"line":14,"column":3}},"type":"default-arg","locations":[{"start":{"line":5,"column":9},"end":{"line":14,"column":3}}],"line":5},"3":{"loc":{"start":{"line":18,"column":6},"end":{"line":22,"column":7}},"type":"if","locations":[{"start":{"line":18,"column":6},"end":{"line":22,"column":7}},{"start":{"line":18,"column":6},"end":{"line":22,"column":7}}],"line":18}},"s":{"0":0,"1":0,"2":0,"3":0,"4":0},"f":{"0":0,"1":0,"2":0},"b":{"0":[0],"1":[0],"2":[0],"3":[0,0]},"_coverageSchema":"1a1c01bbd47fc00a2c39e90264f33305004495a9","hash":"be869f0667a618d34a6a4025154e99225e4fbf1f"}
}
