TN:
SF:src\Model.js
FN:4,(anonymous_0)
FN:8,(anonymous_1)
FN:16,(anonymous_2)
FN:21,createAsyncModel
FNF:4
FNH:4
FNDA:6,(anonymous_0)
FNDA:8,(anonymous_1)
FNDA:3,(anonymous_2)
FNDA:2,createAsyncModel
DA:5,6
DA:9,8
DA:10,8
DA:17,3
DA:22,2
DA:23,2
DA:24,2
DA:25,2
DA:28,0
LF:9
LH:8
BRDA:4,0,0,1
BRDA:16,1,0,3
BRDA:21,2,0,1
BRF:3
BRH:3
end_of_record
TN:
SF:src\utils.js
FN:2,getConfigsMock
FN:7,(anonymous_1)
FN:8,(anonymous_2)
FNF:3
FNH:3
FNDA:6,getConfigsMock
FNDA:6,(anonymous_1)
FNDA:6,(anonymous_2)
DA:7,6
DA:8,6
DA:9,6
DA:10,5
DA:12,1
LF:5
LH:5
BRDA:3,0,0,1
BRDA:4,1,0,1
BRDA:5,2,0,1
BRDA:9,3,0,5
BRDA:9,3,1,1
BRF:5
BRH:5
end_of_record
