TN:
SF:src\Model.js
FN:3,Model
FN:6,(anonymous_1)
FN:10,(anonymous_2)
FN:19,createAsyncModel
FNF:4
FNH:4
FNDA:8,Model
FNDA:3,(anonymous_1)
FNDA:5,(anonymous_2)
FNDA:2,createAsyncModel
DA:4,8
DA:6,1
DA:7,3
DA:8,3
DA:10,1
DA:11,5
DA:12,5
DA:13,3
DA:15,2
DA:20,2
DA:21,2
DA:22,2
LF:12
LH:12
BRDA:3,0,0,1
BRF:1
BRH:1
end_of_record
TN:
SF:src\View.js
FN:7,(anonymous_0)
FN:14,(anonymous_1)
FN:21,(anonymous_2)
FN:28,(anonymous_3)
FN:35,View
FN:52,createCloseButton
FN:67,createStyle
FN:72,getElementBySelector
FN:76,(anonymous_8)
FN:84,(anonymous_9)
FN:93,(anonymous_10)
FN:102,(anonymous_11)
FN:105,(anonymous_12)
FN:106,(anonymous_13)
FNF:14
FNH:4
FNDA:0,(anonymous_0)
FNDA:1,(anonymous_1)
FNDA:0,(anonymous_2)
FNDA:0,(anonymous_3)
FNDA:0,View
FNDA:1,createCloseButton
FNDA:1,createStyle
FNDA:2,getElementBySelector
FNDA:0,(anonymous_8)
FNDA:0,(anonymous_9)
FNDA:0,(anonymous_10)
FNDA:0,(anonymous_11)
FNDA:0,(anonymous_12)
FNDA:0,(anonymous_13)
DA:1,1
DA:2,1
DA:4,1
DA:8,0
DA:9,0
DA:15,1
DA:16,1
DA:22,0
DA:23,0
DA:29,0
DA:30,0
DA:36,0
DA:37,0
DA:38,0
DA:40,0
DA:41,0
DA:42,0
DA:43,0
DA:45,0
DA:47,0
DA:48,0
DA:49,0
DA:52,1
DA:53,1
DA:54,1
DA:56,1
DA:61,1
DA:63,1
DA:65,1
DA:67,1
DA:68,1
DA:69,1
DA:70,1
DA:72,1
DA:73,2
DA:74,2
DA:76,1
DA:77,0
DA:80,0
DA:81,0
DA:82,0
DA:84,1
DA:85,0
DA:91,0
DA:93,1
DA:94,0
DA:98,0
DA:100,0
DA:102,1
DA:103,0
DA:105,1
DA:106,0
DA:107,0
LF:53
LH:24
BRDA:61,0,0,1
BRDA:61,0,1,0
BRF:2
BRH:1
end_of_record
TN:
SF:src\styles.js
FNF:0
FNH:0
DA:1,1
DA:60,1
LF:2
LH:2
BRF:0
BRH:0
end_of_record
TN:
SF:src\utils.js
FN:2,getConfigsMock
FN:16,(anonymous_1)
FN:17,(anonymous_2)
FNF:3
FNH:0
FNDA:0,getConfigsMock
FNDA:0,(anonymous_1)
FNDA:0,(anonymous_2)
DA:16,0
DA:17,0
DA:18,0
DA:19,0
DA:21,0
LF:5
LH:0
BRDA:3,0,0,0
BRDA:4,1,0,0
BRDA:5,2,0,0
BRDA:18,3,0,0
BRDA:18,3,1,0
BRF:5
BRH:0
end_of_record
TN:
SF:src\libs\HTMLElement.js
FN:1,HTMLElement
FN:5,(anonymous_1)
FN:7,(anonymous_2)
FN:12,(anonymous_3)
FN:19,(anonymous_4)
FN:23,createHTMLElement
FNF:6
FNH:6
FNDA:10,HTMLElement
FNDA:10,(anonymous_1)
FNDA:5,(anonymous_2)
FNDA:10,(anonymous_3)
FNDA:10,(anonymous_4)
FNDA:10,createHTMLElement
DA:2,10
DA:5,2
DA:6,10
DA:7,10
DA:8,5
DA:10,10
DA:12,2
DA:13,10
DA:14,10
DA:15,5
DA:17,10
DA:19,2
DA:20,10
DA:27,10
DA:28,10
DA:32,10
LF:16
LH:16
BRDA:5,0,0,2
BRDA:12,1,0,2
BRDA:13,2,0,10
BRDA:13,2,1,0
BRDA:25,3,0,3
BRF:5
BRH:4
end_of_record
TN:
SF:src\libs\index.js
FNF:0
FNH:0
LF:0
LH:0
BRF:0
BRH:0
end_of_record
